<?xml version="1.0" encoding="UTF-8"?>
<testsuite xmlns:xsi="http://www.w3.org/2001/XMLSchema-instance" xsi:noNamespaceSchemaLocation="https://maven.apache.org/surefire/maven-surefire-plugin/xsd/surefire-test-report-3.0.xsd" version="3.0" name="org.sonar.samples.java.checks.MyCustomSubscriptionRuleTest" time="0.054" tests="1" errors="0" skipped="0" failures="0">
  <properties>
[...]
</properties>
  <testcase name="check" classname="org.sonar.samples.java.checks.MyCustomSubscriptionRuleTest" time="0.05">
    <system-out><![CDATA[INFO  1 source file to be analyzed
INFO  1/1 source file has been analyzed
]]></system-out>
  </testcase>
</testsuite>